<?xml version="1.0" encoding="UTF-8"?>
<testsuite name="observer.ObserverPatternTest" tests="6" skipped="0" failures="0" errors="0" timestamp="2025-12-07T05:13:46" hostname="TJM" time="0.013">
  <properties/>
  <testcase name="testMultipleObservers()" classname="observer.ObserverPatternTest" time="0.002"/>
  <testcase name="testObserverReceivesCompleteNotification()" classname="observer.ObserverPatternTest" time="0.002"/>
  <testcase name="testObserverReceivesProgressNotification()" classname="observer.ObserverPatternTest" time="0.001"/>
  <testcase name="testObserverReceivesStartNotification()" classname="observer.ObserverPatternTest" time="0.001"/>
  <testcase name="testObserverCanBeRemoved()" classname="observer.ObserverPatternTest" time="0.001"/>
  <testcase name="testObserverCanBeAdded()" classname="observer.ObserverPatternTest" time="0.0"/>
  <system-out><![CDATA[]]></system-out>
  <system-err><![CDATA[]]></system-err>
</testsuite>
