<?xml version="1.0" encoding="UTF-8"?>
<testsuite name="ramp.RampImplementationsTest" tests="4" skipped="0" failures="0" errors="0" timestamp="2025-12-07T05:13:46" hostname="TJM" time="0.006">
  <properties/>
  <testcase name="testSimpleRampNotEmpty()" classname="ramp.RampImplementationsTest" time="0.001"/>
  <testcase name="testSimpleRampStartsWithSpace()" classname="ramp.RampImplementationsTest" time="0.001"/>
  <testcase name="testDetailedRampIsLonger()" classname="ramp.RampImplementationsTest" time="0.0"/>
  <testcase name="testBlockRampHasUnicodeCharacters()" classname="ramp.RampImplementationsTest" time="0.001"/>
  <system-out><![CDATA[]]></system-out>
  <system-err><![CDATA[]]></system-err>
</testsuite>
