<?xml version="1.0" encoding="UTF-8"?>
<testsuite name="ramp.AsciiRampFactoryTest" tests="4" skipped="0" failures="0" errors="0" timestamp="2025-12-07T05:13:46" hostname="TJM" time="0.005">
  <properties/>
  <testcase name="testCreateBlockRamp()" classname="ramp.AsciiRampFactoryTest" time="0.001"/>
  <testcase name="testCreateSimpleRamp()" classname="ramp.AsciiRampFactoryTest" time="0.001"/>
  <testcase name="testFactoryReturnsAsciiRampInterface()" classname="ramp.AsciiRampFactoryTest" time="0.0"/>
  <testcase name="testCreateDetailedRamp()" classname="ramp.AsciiRampFactoryTest" time="0.001"/>
  <system-out><![CDATA[]]></system-out>
  <system-err><![CDATA[]]></system-err>
</testsuite>
