<?xml version="1.0" encoding="UTF-8"?>
<testsuite name="strategy.BilinearInterpolationStrategyTest" tests="3" skipped="0" failures="0" errors="0" timestamp="2025-12-07T05:13:46" hostname="TJM" time="0.003">
  <properties/>
  <testcase name="testFloorBehavior()" classname="strategy.BilinearInterpolationStrategyTest" time="0.001"/>
  <testcase name="testZeroCoordinates()" classname="strategy.BilinearInterpolationStrategyTest" time="0.001"/>
  <testcase name="testBoundaryChecking()" classname="strategy.BilinearInterpolationStrategyTest" time="0.001"/>
  <system-out><![CDATA[]]></system-out>
  <system-err><![CDATA[]]></system-err>
</testsuite>
