<?xml version="1.0" encoding="UTF-8"?>
<testsuite name="converter.AsciiConverterTest" tests="6" skipped="0" failures="0" errors="0" timestamp="2025-12-07T05:13:46" hostname="TJM" time="0.076">
  <properties/>
  <testcase name="testConverterNotNull()" classname="converter.AsciiConverterTest" time="0.06"/>
  <testcase name="testDifferentStrategiesProduceDifferentResults()" classname="converter.AsciiConverterTest" time="0.003"/>
  <testcase name="testConvertNullImage()" classname="converter.AsciiConverterTest" time="0.003"/>
  <testcase name="testConvertProducesOutput()" classname="converter.AsciiConverterTest" time="0.001"/>
  <testcase name="testConvertHasNewlines()" classname="converter.AsciiConverterTest" time="0.001"/>
  <testcase name="testScalingReducesSize()" classname="converter.AsciiConverterTest" time="0.001"/>
  <system-out><![CDATA[]]></system-out>
  <system-err><![CDATA[]]></system-err>
</testsuite>
